<?xml version="1.0" encoding="UTF-8"?>
<!-- Generated by org.testng.reporters.JUnitXMLReporter -->
<testsuite hostname="DESKTOP-KUMSLPU" ignored="0" name="Default test" tests="3" failures="0" timestamp="28 Feb 2018 07:36:40 GMT" time="67.184" errors="0">
  <testcase name="invalidPassword" time="7.161" classname="Project.assign.LoginTest"/>
  <testcase name="emptyEmailaddress" time="7.009" classname="Project.assign.LoginTest"/>
  <testcase name="emptySpacePassword" time="7.305" classname="Project.assign.LoginTest"/>
</testsuite> <!-- Default test -->
